This file contains any messages produced by compilers while
running configure, to aid debugging if configure makes a mistake.

configure:585: checking whether to use symlinks for manpages
configure:597: checking whether to compress the manpages
configure:623: checking whether to add a package name suffix for the manpages
configure:654: checking for gcc
configure:767: checking whether the C compiler (/usr/bin/gcc  ) works
configure:783: /usr/bin/gcc -o conftest    conftest.c  1>&5
configure:780:1: warning: return type defaults to 'int' [-Wimplicit-int]
 main(){return(0);}
 ^~~~
configure:809: checking whether the C compiler (/usr/bin/gcc  ) is a cross-compiler
configure:814: checking whether we are using GNU C
configure:842: checking whether /usr/bin/gcc accepts -g
configure:884: checking how to run the C preprocessor
configure:965: checking dirent.h
configure:1020: checking for errno.h
configure:1057: checking for float.h
configure:1094: checking for values.h
configure:1131: checking for limits.h
configure:1171: checking for stdlib.h
configure:1253: checking for string.h
configure:1326: checking for sys/wait.h
configure:1363: checking for dlfcn.h
configure:1404: checking for unistd.h
configure:1404: checking for sys/param.h
configure:1449: checking if the compiler understands -pipe
configure:1523: checking for pthread_mutex_init in -lpthread
configure:1763: checking for pthread_attr_setstacksize
configure:1818: checking for pthread_atfork
configure:1876: checking for building with threads
configure:1907: checking for sin
configure:1956: checking for main in -lieee
configure:1998: checking for main in -linet
configure:2035: checking for net/errno.h
configure:2091: checking for connect
configure:2284: checking for gethostbyname
configure:2385: checking how to build libraries
configure:2424: checking for ranlib
configure:2456: checking if 64bit support is requested
configure:2470: checking if 64bit Sparc VIS support is requested
configure:2489: checking if rpath support is requested
configure:2505: checking system version
configure:2540: checking for dlopen in -ldl
configure:2609: checking for ar
configure:3241: checking if compiler accepts -m64 flag
configure:4324: checking for cast to union support
configure:4394: checking for build with symbols
configure:4459: checking for required early compiler flags
configure:4620: checking for 64-bit integer type
configure:4854: checking whether byte ordering is bigendian
configure:4953: checking for getcwd
configure:5015: checking for opendir
configure:5015: checking for strstr
configure:5015: checking for strtol
configure:5015: checking for strtoll
configure:5015: checking for strtoull
configure:5015: checking for tmpnam
configure:5015: checking for waitpid
configure:5070: checking for strerror
configure:5122: checking for getwd
configure:5174: checking for wait3
configure:5226: checking for uname
configure:5285: checking for realpath
configure:5343: checking for getpwuid_r
configure:5387: checking for getpwuid_r with 5 args
configure:5487: checking for getpwnam_r
configure:5531: checking for getpwnam_r with 5 args
configure:5631: checking for getgrgid_r
configure:5675: checking for getgrgid_r with 5 args
configure:5775: checking for getgrnam_r
configure:5819: checking for getgrnam_r with 5 args
configure:5946: checking for gethostbyname_r
configure:5990: checking for gethostbyname_r with 6 args
configure:6133: checking for gethostbyaddr_r
configure:6177: checking for gethostbyaddr_r with 7 args
configure:6224: checking for gethostbyaddr_r with 8 args
configure:6296: checking for sys/modem.h
configure:6333: checking termios vs. termio vs. sgtty
configure:6568: checking for fd_set in sys/types
configure:6640: checking whether struct tm is in sys/time.h or time.h
configure:6678: checking for sys/time.h
configure:6715: checking whether time.h and sys/time.h may both be included
configure:6750: checking for tm_zone in struct tm
configure:6823: checking for gmtime_r
configure:6823: checking for localtime_r
configure:6877: checking tm_tzadj in struct tm
configure:6911: checking tm_gmtoff in struct tm
configure:6949: checking long timezone variable
configure:7030: checking for st_blksize in struct stat
configure:7065: checking for fstatfs
configure:7122: checking for 8-bit clean memcmp
configure:7164: checking for memmove
configure:7225: checking proper strstr implementation
configure:7270: checking for strtoul
configure:7320: checking proper strtoul implementation
configure:7374: checking for strtod
configure:7424: checking proper strtod implementation
configure:7481: checking for strtod
configure:7531: checking for Solaris2.4/Tru64 strtod bugs
configure:7594: checking for ANSI C header files
configure:7698: checking for mode_t
configure:7731: checking for pid_t
configure:7764: checking for size_t
configure:7797: checking for uid_t in sys/types.h
configure:7832: checking for socklen_t
configure:7877: checking for opendir
configure:7938: checking union wait
configure:7983: checking for strncasecmp
configure:8131: checking for gettimeofday
configure:8183: checking for gettimeofday declaration
configure:8220: checking whether char is unsigned
configure:8283: checking signed char declarations
configure:8324: checking for a putenv() that copies the buffer
configure:8395: checking for langinfo.h
configure:8429: checking whether to use nl_langinfo
configure:8824: checking for fts
configure:8877: checking for sys/ioctl.h
configure:8917: checking for sys/filio.h
configure:8955: checking system version
configure:8986: checking FIONBIO vs. O_NONBLOCK for nonblocking I/O
configure:9102: checking whether to enable DTrace support
configure:9132: checking whether the cpuid instruction is usable
